actionid: tox
msg: packaging
cmdargs: '/Users/pdiazvargas/source/eab/minik/venv3/bin/python /Users/pdiazvargas/source/eab/minik/setup.py sdist --formats=zip --dist-dir /Users/pdiazvargas/source/eab/minik/.tox/dist'

running sdist
running egg_info
writing minik.egg-info/PKG-INFO
writing dependency_links to minik.egg-info/dependency_links.txt
writing top-level names to minik.egg-info/top_level.txt
reading manifest file 'minik.egg-info/SOURCES.txt'
writing manifest file 'minik.egg-info/SOURCES.txt'
running check
warning: check: missing required meta-data: url

creating minik-0.1
creating minik-0.1/minik
creating minik-0.1/minik.egg-info
copying files to minik-0.1...
copying README.md -> minik-0.1
copying setup.cfg -> minik-0.1
copying setup.py -> minik-0.1
copying minik/__init__.py -> minik-0.1/minik
copying minik/constants.py -> minik-0.1/minik
copying minik/core.py -> minik-0.1/minik
copying minik.egg-info/PKG-INFO -> minik-0.1/minik.egg-info
copying minik.egg-info/SOURCES.txt -> minik-0.1/minik.egg-info
copying minik.egg-info/dependency_links.txt -> minik-0.1/minik.egg-info
copying minik.egg-info/top_level.txt -> minik-0.1/minik.egg-info
Writing minik-0.1/setup.cfg
creating .tox/dist
creating '.tox/dist/minik-0.1.zip' and adding 'minik-0.1' to it
adding 'minik-0.1/PKG-INFO'
adding 'minik-0.1/README.md'
adding 'minik-0.1/setup.py'
adding 'minik-0.1/setup.cfg'
adding 'minik-0.1/minik.egg-info/PKG-INFO'
adding 'minik-0.1/minik.egg-info/SOURCES.txt'
adding 'minik-0.1/minik.egg-info/top_level.txt'
adding 'minik-0.1/minik.egg-info/dependency_links.txt'
adding 'minik-0.1/minik/constants.py'
adding 'minik-0.1/minik/__init__.py'
adding 'minik-0.1/minik/core.py'
removing 'minik-0.1' (and everything under it)
